<?xml version="1.0" encoding="UTF-8"?>
<testsuite name="HelloWorldTest" tests="1" skipped="0" failures="0" errors="0" timestamp="2022-07-12T12:09:01" hostname="jpohuiMcBookPro" time="0.013">
  <properties/>
  <testcase name="helloWorldTest" classname="HelloWorldTest" time="0.013"/>
  <system-out><![CDATA[]]></system-out>
  <system-err><![CDATA[]]></system-err>
</testsuite>
